This is pdfeTeX, Version 3.141592-1.20a-2.2 (Web2C 7.5.3) (format=latex 2004.11.21)  12 FEB 2005 16:27
entering extended mode
\write18 enabled.
**\nonstopmode\input{ibycus4.ltx}
(./ibycus4.ltx (/usr/local/teTeX/share/texmf.tetex/tex/latex/base/article.cls
Document Class: article 2004/02/16 v1.4f Standard LaTeX document class
(/usr/local/teTeX/share/texmf.tetex/tex/latex/base/size11.clo
File: size11.clo 2004/02/16 v1.4f Standard LaTeX file (size option)
)
\c@part=\count79
\c@section=\count80
\c@subsection=\count81
\c@subsubsection=\count82
\c@paragraph=\count83
\c@subparagraph=\count84
\c@figure=\count85
\c@table=\count86
\abovecaptionskip=\skip41
\belowcaptionskip=\skip42
\bibindent=\dimen102
)
(/Users/ccarroll/Library/texmf/tex/generic/ibycus4/ibycus4.sty
Package: ibycus4 2004/10/18 v4.5 Ibycus4 (P.A.MacKay/WaS)
\digraphs=\toks14

(/Users/ccarroll/Library/texmf/tex/generic/ibycus4/ibycus4.map
(/Users/ccarroll/Library/texmf/tex/generic/ibycus4/tlgsqq.tex))
(/Users/ccarroll/Library/texmf/tex/generic/ibycus4/Uibycus4.fd
File: Uibycus4.fd 1997/07/12 (P.A. MacKay)
)
(/Users/ccarroll/Library/texmf/tex/generic/ibycus4/iby4extr.tex
(/Users/ccarroll/Library/texmf/tex/generic/ibycus4/version4.tex
Ibycus Greek. Version 4. 15 July 1997)))
No file ibycus4.aux.
\openout1 = `ibycus4.aux'.

LaTeX Font Info:    Checking defaults for OML/cmm/m/it on input line 14.
LaTeX Font Info:    ... okay on input line 14.
LaTeX Font Info:    Checking defaults for T1/cmr/m/n on input line 14.
LaTeX Font Info:    ... okay on input line 14.
LaTeX Font Info:    Checking defaults for OT1/cmr/m/n on input line 14.
LaTeX Font Info:    ... okay on input line 14.
LaTeX Font Info:    Checking defaults for OMS/cmsy/m/n on input line 14.
LaTeX Font Info:    ... okay on input line 14.
LaTeX Font Info:    Checking defaults for OMX/cmex/m/n on input line 14.
LaTeX Font Info:    ... okay on input line 14.
LaTeX Font Info:    Checking defaults for U/cmr/m/n on input line 14.
LaTeX Font Info:    ... okay on input line 14.
[1

] (./ibycus4.aux) ) 
Here is how much of TeX's memory you used:
 393 strings out of 95315
 4784 string characters out of 1186806
 47541 words of memory out of 1000000
 3547 multiletter control sequences out of 10000+50000
 6178 words of font info for 18 fonts, out of 500000 for 2000
 14 hyphenation exceptions out of 1000
 22i,4n,19p,212b,111s stack positions out of 1500i,500n,5000p,200000b,5000s
 0 PDF objects out of 300000
 0 named destinations out of 131072
 1 words of extra memory for PDF output out of 65536

Output written on ibycus4.dvi (1 page, 916 bytes).
