This is pdfeTeX, Version 3.141592-1.30.4-2.2 (Web2C 7.5.5) (format=latex 2006.10.15)  28 JAN 2007 21:59
entering extended mode
**ibycus-babel.ins
(./ibycus-babel.ins
LaTeX2e <2005/12/01>
Babel <v3.8d> and hyphenation patterns for american, french, german, ngerman, b
ahasa, basque, bulgarian, catalan, croatian, czech, danish, dutch, esperanto, e
stonian, finnish, greek, icelandic, irish, italian, latin, magyar, norsk, polis
h, portuges, romanian, russian, serbian, slovak, slovene, spanish, swedish, tur
kish, ukrainian, nohyphenation, loaded.
(/usr/local/teTeX/share/texmf.local/tex/latex/base/docstrip.tex
\blockLevel=\count79
\emptyLines=\count80
\processedLines=\count81
\commentsRemoved=\count82
\commentsPassed=\count83
\codeLinesPassed=\count84
\TotalprocessedLines=\count85
\TotalcommentsRemoved=\count86
\TotalcommentsPassed=\count87
\TotalcodeLinesPassed=\count88
\NumberOfFiles=\count89
\inFile=\read1
\inputcheck=\read2
\off@0=\count90
\off@1=\count91
\off@2=\count92
\off@3=\count93
\off@4=\count94
\off@5=\count95
\off@6=\count96
\off@7=\count97
\off@8=\count98
\off@9=\count99
\off@10=\count100
\off@11=\count101
\off@12=\count102
\off@13=\count103
\off@14=\count104
\off@15=\count105
\@maxfiles=\count106
\@maxoutfiles=\count107

Utility: `docstrip' 2.5d <2005/07/29>
English documentation    <1999/03/31>

**********************************************************
* This program converts documented macro-files into fast *
* loadable files by stripping off (nearly) all comments! *
**********************************************************

********************************************************
* No Configuration file found, using default settings. *
********************************************************

)

Generating file(s) ./ibycus.ldf ./lgifib.fd ./lgienc.def 
\openout0 = `./ibycus.ldf'.

\openout1 = `./lgifib.fd'.

\openout2 = `./lgienc.def'.


Processing file ibycus-babel.dtx (ibycus) -> ibycus.ldf
                                 (lgifib) -> lgifib.fd
                                 (lgienc) -> lgienc.def
% % % % % % % % % % % % % % % % % % % % % % % <*driver . > % <ibycus . >
<lgifib . > <lgienc . > . % <*driver . . . . . . . > % % % % % % % % % % % % %
% % % % % % % % % % % % % % % % % % % % % % % % % % % % % % % % % % % % % % %
% % % % % % % % % % % % % % % % % % % % % % % % % % % % % % % % % % % % % % %
% % % % % % % % % % % % % % % % % % % % % % % % % % % % % % % % % % % % % % %
% % % % % % % % % % % % % % % % % % % % % % % % % % % % % % % % % % % % % % %
% % % % % % % % % % % % % % % % % % % % % % % % % % % % % % % % % % % % % % %
% % % % % % % % % % % % % % % % % % % % % % % % % % % % % % % <*ibycus . . . .
. . . . % % % % % . % % % % % % % . . . % % % % % % % . . . . . . . % % % % %
. % % % % % . . . % % % % % % % . . . % % % % % % % . . . . . . . . . . . . %
% % % % . . . % % % % % % % % % % % . . % % % % % % % % . . . . . . . . . . .
. % % % % . . . . > % % % % % % % % % % % % <*lgienc . . . > % % % % % % % %
<*lgifib . % % % % . . . . . % % % % % . . . . . . . . . . . > % % % % % % % %
% % % % % % % % % % % %
File ibycus-babel.dtx ended by \endinput.
Lines  processed: 485
Comments removed: 384
Comments  passed: 0
Codelines passed: 88

 ) 
Here is how much of TeX's memory you used:
 333 strings out of 94413
 3385 string characters out of 1172341
 2052506 words of memory out of 4504070
 3645 multiletter control sequences out of 10000+50000
 3640 words of font info for 14 fonts, out of 2000000 for 2000
 582 hyphenation exceptions out of 5000
 11i,0n,15p,139b,139s stack positions out of 5000i,500n,6000p,200000b,40000s

No pages of output.
