\BOOKMARK [1][-]{section.1}{Using the class}{}
\BOOKMARK [1][-]{section.2}{Options of the class}{}
\BOOKMARK [1][-]{section.3}{Predefined macros and environments}{}
\BOOKMARK [2][-]{subsection.3.1}{Macros to appear in the preamble}{section.3}
\BOOKMARK [2][-]{subsection.3.2}{The slide environment}{section.3}
\BOOKMARK [2][-]{subsection.3.3}{Some itemize environments}{section.3}
\BOOKMARK [2][-]{subsection.3.4}{Macros to be used out of any slide environment}{section.3}
\BOOKMARK [2][-]{subsection.3.5}{Macros that may appear in a slide environment}{section.3}
\BOOKMARK [2][-]{subsection.3.6}{Overlays}{section.3}
\BOOKMARK [1][-]{section.4}{Predefined styles}{}
\BOOKMARK [1][-]{section.5}{Contributed styles}{}
\BOOKMARK [1][-]{section.6}{Warning}{}
\BOOKMARK [1][-]{section.7}{The Compilation Process}{}
\BOOKMARK [1][-]{section.8}{Devising new slide styles}{}
\BOOKMARK [2][-]{subsection.8.1}{Predefined tests}{section.8}
\BOOKMARK [2][-]{subsection.8.2}{Macros to customize or create a style}{section.8}
\BOOKMARK [2][-]{subsection.8.3}{Lengths}{section.8}
\BOOKMARK [2][-]{subsection.8.4}{Example: the troispoints style}{section.8}
\BOOKMARK [1][-]{section.9}{Copyright information}{}
\BOOKMARK [1][-]{section.10}{The Prosper homepage}{}
\BOOKMARK [1][-]{section.11}{Troubleshootings}{}
\BOOKMARK [1][-]{section.12}{Bugs reports}{}
\BOOKMARK [1][-]{section.13}{Getting in touch with the author}{}
